\BOOKMARK [1][-]{section*.1}{\376\377\000R\000E\000S\000U\000M\000E\000N}{}% 1
\BOOKMARK [1][-]{section*.2}{\376\377\000A\000B\000S\000T\000R\000A\000C\000T}{}% 2
\BOOKMARK [1][-]{section*.3}{\376\377\000G\000L\000O\000S\000A\000R\000I\000O}{}% 3
\BOOKMARK [1][-]{section*.4}{\376\377\000\315\000N\000D\000I\000C\000E\000\040\000D\000E\000\040\000F\000I\000G\000U\000R\000A\000S}{}% 4
\BOOKMARK [1][-]{section*.5}{\376\377\000\315\000N\000D\000I\000C\000E\000\040\000D\000E\000\040\000T\000A\000B\000L\000A\000S}{}% 5
\BOOKMARK [1][-]{section*.6}{\376\377\000I\000N\000T\000R\000O\000D\000U\000C\000C\000I\000\323\000N}{}% 6
\BOOKMARK [1][-]{section*.7}{\376\377\000C\000A\000P\000\315\000T\000U\000L\000O\000\040\0001\000:\000\040\000D\000E\000F\000I\000N\000I\000C\000I\000\323\000N\000\040\000D\000E\000L\000\040\000P\000R\000O\000B\000L\000E\000M\000A}{}% 7
\BOOKMARK [1][-]{section*.8}{\376\377\000C\000A\000P\000\315\000T\000U\000L\000O\000\040\0002\000:\000\040\000M\000A\000R\000C\000O\000\040\000C\000O\000N\000C\000E\000P\000T\000U\000A\000L}{}% 8
\BOOKMARK [1][-]{section*.9}{\376\377\000C\000A\000P\000\315\000T\000U\000L\000O\000\040\0003\000:\000\040\000P\000R\000O\000P\000U\000E\000S\000T\000A\000\040\000D\000E\000\040\000S\000O\000L\000U\000C\000I\000\323\000N}{}% 9
\BOOKMARK [2][-]{subsection.0.3.1}{\376\377\000V\000i\000s\000t\000a\000\040\000G\000e\000n\000e\000r\000a\000l\000\040\000y\000\040\000M\000a\000p\000a\000\040\000d\000e\000\040\000l\000a\000s\000\040\0004\000\040\000C\000o\000n\000t\000r\000i\000b\000u\000c\000i\000o\000n\000e\000s}{section*.9}% 10
\BOOKMARK [2][-]{subsection.0.3.2}{\376\377\000D\000R\000A\000F\000T\000S\000+\000+\000:\000\040\000P\000i\000p\000e\000l\000i\000n\000e\000\040\000P\000r\000o\000d\000u\000c\000t\000i\000v\000o\000,\000\040\000R\000o\000b\000u\000s\000t\000o\000\040\000y\000\040\000E\000f\000i\000c\000i\000e\000n\000t\000e}{section*.9}% 11
\BOOKMARK [2][-]{subsection.0.3.3}{\376\377\000E\000x\000t\000e\000n\000s\000i\000\363\000n\000\040\000a\000\040\000A\000l\000t\000a\000\040\000F\000r\000e\000c\000u\000e\000n\000c\000i\000a\000:\000\040\000D\000e\000t\000e\000c\000c\000i\000\363\000n\000\040\000p\000o\000r\000\040\000S\000N\000R\000\040\000+\000\040\000V\000a\000l\000i\000d\000a\000c\000i\000\363\000n\000\040\000D\000M\000-\000a\000w\000a\000r\000e}{section*.9}% 12
\BOOKMARK [2][-]{subsection.0.3.4}{\376\377\000V\000\355\000a\000\040\000A\000l\000t\000e\000r\000n\000a\000t\000i\000v\000a\000\040\000d\000e\000l\000\040\000A\000u\000t\000o\000r\000\040\000d\000e\000\040\000D\000R\000A\000F\000T\000S\000:\000\040\000D\000M\000-\000e\000x\000p\000a\000n\000d\000\040\000\046\000\040\000F\000i\000s\000h\000i\000n\000g}{section*.9}% 13
\BOOKMARK [2][-]{subsection.0.3.5}{\376\377\000A\000n\000\341\000l\000i\000s\000i\000s\000\040\000E\000x\000p\000l\000o\000r\000a\000t\000o\000r\000i\000o\000s\000:\000\040\000P\000l\000o\000t\000s\000\040\000C\000a\000r\000a\000c\000t\000e\000r\000\355\000s\000t\000i\000c\000o\000s\000\040\000p\000a\000r\000a\000\040\000F\000u\000t\000u\000r\000a\000\040\000R\000e\000d}{section*.9}% 14
\BOOKMARK [2][-]{subsection.0.3.6}{\376\377\000A\000r\000q\000u\000i\000t\000e\000c\000t\000u\000r\000a\000\040\000U\000n\000i\000f\000i\000c\000a\000d\000a\000\040\000\050\000S\000t\000r\000a\000t\000e\000g\000y\000\040\000+\000\040\000V\000a\000l\000i\000d\000a\000t\000o\000r\000\040\000+\000\040\000V\000i\000s\000u\000a\000l\000i\000z\000e\000r\000\051}{section*.9}% 15
\BOOKMARK [2][-]{subsection.0.3.7}{\376\377\000D\000i\000a\000g\000r\000a\000m\000a\000\040\000E\000n\000d\000-\000t\000o\000-\000E\000n\000d\000\040\000d\000e\000l\000\040\000P\000i\000p\000e\000l\000i\000n\000e}{section*.9}% 16
\BOOKMARK [2][-]{subsection.0.3.8}{\376\377\000E\000v\000a\000l\000u\000a\000c\000i\000\363\000n\000\040\000y\000\040\000M\000\351\000t\000r\000i\000c\000a\000s}{section*.9}% 17
\BOOKMARK [1][-]{section*.28}{\376\377\000C\000A\000P\000\315\000T\000U\000L\000O\000\040\0004\000:\000\040\000V\000A\000L\000I\000D\000A\000C\000I\000\323\000N\000\040\000D\000E\000\040\000L\000A\000\040\000S\000O\000L\000U\000C\000I\000\323\000N}{}% 18
\BOOKMARK [2][-]{subsection.0.4.1}{\376\377\000E\000J\000E\000M\000P\000L\000O\000\040\000D\000E\000\040\000C\000O\000M\000O\000\040\000C\000I\000T\000A\000R\000\040\000T\000A\000B\000L\000A\000S}{section*.28}% 19
\BOOKMARK [1][-]{section*.29}{\376\377\000C\000A\000P\000\315\000T\000U\000L\000O\000\040\0005\000:\000\040\000C\000O\000N\000C\000L\000U\000S\000I\000O\000N\000E\000S}{}% 20
\BOOKMARK [1][-]{section*.30}{\376\377\000A\000N\000E\000X\000O\000S}{}% 21
\BOOKMARK [1][-]{section*.31}{\376\377\000R\000E\000F\000E\000R\000E\000N\000C\000I\000A\000S\000\040\000B\000I\000B\000L\000I\000O\000G\000R\000\301\000F\000I\000C\000A\000S}{}% 22
