\BOOKMARK [1][-]{section*.1}{\376\377\000R\000E\000S\000U\000M\000E\000N}{}% 1
\BOOKMARK [1][-]{section*.2}{\376\377\000A\000B\000S\000T\000R\000A\000C\000T}{}% 2
\BOOKMARK [1][-]{section*.3}{\376\377\000G\000L\000O\000S\000A\000R\000I\000O}{}% 3
\BOOKMARK [1][-]{section*.4}{\376\377\000\315\000N\000D\000I\000C\000E\000\040\000D\000E\000\040\000F\000I\000G\000U\000R\000A\000S}{}% 4
\BOOKMARK [1][-]{section*.5}{\376\377\000\315\000N\000D\000I\000C\000E\000\040\000D\000E\000\040\000T\000A\000B\000L\000A\000S}{}% 5
\BOOKMARK [1][-]{section*.6}{\376\377\000C\000A\000P\000\315\000T\000U\000L\000O\000\040\0001\000:\000\040\000I\000N\000T\000R\000O\000D\000U\000C\000C\000I\000\323\000N}{}% 6
\BOOKMARK [1][-]{section.1.1}{\376\377\000C\000o\000n\000t\000e\000x\000t\000o\000\040\000y\000\040\000m\000o\000t\000i\000v\000a\000c\000i\000\363\000n}{}% 7
\BOOKMARK [1][-]{section.1.2}{\376\377\000P\000r\000o\000b\000l\000e\000m\000a}{}% 8
\BOOKMARK [1][-]{section.1.3}{\376\377\000O\000b\000j\000e\000t\000i\000v\000o\000s}{}% 9
\BOOKMARK [1][-]{section.1.4}{\376\377\000P\000r\000e\000g\000u\000n\000t\000a\000s\000\040\000d\000e\000\040\000i\000n\000v\000e\000s\000t\000i\000g\000a\000c\000i\000\363\000n\000\040\000e\000\040\000h\000i\000p\000\363\000t\000e\000s\000i\000s}{}% 10
\BOOKMARK [1][-]{section.1.5}{\376\377\000P\000r\000i\000n\000c\000i\000p\000a\000l\000e\000s\000\040\000c\000o\000n\000t\000r\000i\000b\000u\000c\000i\000o\000n\000e\000s\000\040\000t\000\351\000c\000n\000i\000c\000a\000s}{}% 11
\BOOKMARK [1][-]{section.1.6}{\376\377\000A\000l\000c\000a\000n\000c\000e\000\040\000y\000\040\000l\000i\000m\000i\000t\000a\000c\000i\000o\000n\000e\000s}{}% 12
\BOOKMARK [1][-]{section.1.7}{\376\377\000O\000r\000g\000a\000n\000i\000z\000a\000c\000i\000\363\000n\000\040\000d\000e\000l\000\040\000d\000o\000c\000u\000m\000e\000n\000t\000o}{}% 13
\BOOKMARK [1][-]{section.1.8}{\376\377\000P\000o\000s\000i\000c\000i\000o\000n\000a\000m\000i\000e\000n\000t\000o\000\040\000f\000r\000e\000n\000t\000e\000\040\000a\000\040\000p\000i\000p\000e\000l\000i\000n\000e\000s\000\040\000e\000n\000\040\000t\000i\000e\000m\000p\000o\000\040\000r\000e\000a\000l}{}% 14
\BOOKMARK [1][-]{section*.7}{\376\377\000C\000A\000P\000\315\000T\000U\000L\000O\000\040\0002\000:\000\040\000M\000A\000R\000C\000O\000\040\000T\000E\000\323\000R\000I\000C\000O}{}% 15
\BOOKMARK [1][-]{section.2.1}{\376\377\000F\000R\000B\000s\000\040\000y\000\040\000p\000u\000l\000s\000o\000s\000\040\000i\000n\000d\000i\000v\000i\000d\000u\000a\000l\000e\000s\000:\000\040\000D\000M\000,\000\040\000d\000i\000s\000p\000e\000r\000s\000i\000\363\000n\000,\000\040\000a\000n\000c\000h\000o\000\040\000y\000\040\000S\000/\000N}{}% 16
\BOOKMARK [1][-]{section.2.2}{\376\377\000P\000l\000a\000n\000o\000\040\000t\000i\000e\000m\000p\000o\040\023\000D\000M\000\040\000y\000\040\000p\000a\000t\000r\000\363\000n\000\040\000`\000`\000b\000o\000w\000-\000t\000i\000e\000'\000'}{}% 17
\BOOKMARK [1][-]{section.2.3}{\376\377\000R\000F\000I\000:\000\040\000c\000r\000i\000t\000e\000r\000i\000o\000s\000\040\000d\000e\000\040\000d\000i\000s\000c\000r\000i\000m\000i\000n\000a\000c\000i\000\363\000n\000\040\000a\000s\000t\000r\000o\000f\000\355\000s\000i\000c\000o\000\040\000v\000s\000\040\000t\000e\000r\000r\000e\000s\000t\000r\000e}{}% 18
\BOOKMARK [1][-]{section.2.4}{\376\377\000D\000e\000d\000i\000s\000p\000e\000r\000s\000i\000\363\000n\000\040\000y\000\040\000w\000a\000t\000e\000r\000f\000a\000l\000l\000s\000\040\000\050\000s\000i\000n\000\040\000y\000\040\000c\000o\000n\000\040\000d\000e\000d\000i\000s\000p\000e\000r\000s\000i\000\363\000n\000\051}{}% 19
\BOOKMARK [1][-]{section.2.5}{\376\377\000P\000a\000r\000t\000i\000c\000u\000l\000a\000r\000i\000d\000a\000d\000e\000s\000\040\000a\000\040\000a\000l\000t\000a\000\040\000f\000r\000e\000c\000u\000e\000n\000c\000i\000a\000\040\000\050\000m\000m\000-\000w\000a\000v\000e\000\051}{}% 20
\BOOKMARK [1][-]{section.2.6}{\376\377\000T\000e\000l\000e\000s\000c\000o\000p\000i\000o\000s\000\040\000y\000\040\000d\000a\000t\000o\000s\000\040\000r\000e\000l\000e\000v\000a\000n\000t\000e\000s}{}% 21
\BOOKMARK [1][-]{section.2.7}{\376\377\000C\000o\000n\000v\000e\000n\000c\000i\000o\000n\000e\000s\000\040\000d\000e\000\040\000p\000o\000l\000a\000r\000i\000z\000a\000c\000i\000\363\000n\000\040\000\050\000P\000S\000R\000/\000I\000E\000E\000E\000\051\000\040\000y\000\040\000P\000S\000R\000F\000I\000T\000S\000/\000P\000S\000R\000C\000H\000I\000V\000E}{}% 22
\BOOKMARK [1][-]{section.2.8}{\376\377\000T\000r\000a\000z\000a\000b\000i\000l\000i\000d\000a\000d\000\040\000t\000e\000m\000p\000o\000r\000a\000l}{}% 23
\BOOKMARK [1][-]{section*.8}{\376\377\000C\000A\000P\000\315\000T\000U\000L\000O\000\040\0003\000:\000\040\000E\000S\000T\000A\000D\000O\000\040\000D\000E\000L\000\040\000A\000R\000T\000E}{}% 24
\BOOKMARK [1][-]{section.3.1}{\376\377\000P\000i\000p\000e\000l\000i\000n\000e\000s\000\040\000y\000\040\000h\000e\000r\000r\000a\000m\000i\000e\000n\000t\000a\000s\000\040\000d\000e\000\040\000b\000\372\000s\000q\000u\000e\000d\000a\000\040\000d\000e\000\040\000p\000u\000l\000s\000o\000s}{}% 25
\BOOKMARK [1][-]{section.3.2}{\376\377\000D\000R\000A\000F\000T\000S\000:\000\040\000d\000e\000t\000e\000c\000t\000o\000r\000\040\000C\000e\000n\000t\000e\000r\000N\000e\000t\000\040\000y\000\040\000c\000l\000a\000s\000i\000f\000i\000c\000a\000d\000o\000r\000\040\000R\000e\000s\000N\000e\000t}{}% 26
\BOOKMARK [1][-]{section.3.3}{\376\377\000E\000s\000t\000u\000d\000i\000o\000s\000\040\000a\000\040\000f\000r\000e\000c\000u\000e\000n\000c\000i\000a\000s\000\040\000a\000l\000t\000a\000s}{}% 27
\BOOKMARK [1][-]{section.3.4}{\376\377\000S\000\355\000n\000t\000e\000s\000i\000s\000\040\000d\000e\000l\000\040\000g\000a\000p\000\040\000a\000b\000o\000r\000d\000a\000d\000o}{}% 28
\BOOKMARK [1][-]{section.3.5}{\376\377\000A\000r\000q\000u\000i\000t\000e\000c\000t\000u\000r\000a\000s\000\040\000o\000p\000e\000r\000a\000t\000i\000v\000a\000s\000:\000\040\000C\000H\000I\000M\000E\000/\000F\000R\000B\000,\000\040\000A\000S\000K\000A\000P\000/\000C\000R\000A\000F\000T\000,\000\040\000M\000e\000e\000r\000T\000R\000A\000P}{}% 29
\BOOKMARK [1][-]{section.3.6}{\376\377\000M\000i\000t\000i\000g\000a\000c\000i\000\363\000n\000\040\000d\000e\000\040\000R\000F\000I}{}% 30
\BOOKMARK [1][-]{section*.9}{\376\377\000C\000A\000P\000\315\000T\000U\000L\000O\000\040\0004\000:\000\040\000R\000E\000Q\000U\000I\000S\000I\000T\000O\000S\000\040\000Y\000\040\000D\000I\000S\000E\000\321\000O\000\040\000\050\000A\000L\000T\000O\000\040\000N\000I\000V\000E\000L\000\051\000\040\000D\000E\000L\000\040\000P\000I\000P\000E\000L\000I\000N\000E\000\040\000D\000R\000A\000F\000T\000S\000-\000M\000B}{}% 31
\BOOKMARK [1][-]{section.4.1}{\376\377\000R\000e\000q\000u\000i\000s\000i\000t\000o\000s\000\040\000f\000u\000n\000c\000i\000o\000n\000a\000l\000e\000s\000\040\000d\000e\000l\000\040\000p\000i\000p\000e\000l\000i\000n\000e\000\040\000\050\000q\000u\000\351\000\040\000d\000e\000b\000e\000\040\000c\000u\000m\000p\000l\000i\000r\000\051}{}% 32
\BOOKMARK [1][-]{section.4.2}{\376\377\000R\000e\000q\000u\000i\000s\000i\000t\000o\000s\000\040\000n\000o\000\040\000f\000u\000n\000c\000i\000o\000n\000a\000l\000e\000s\000\040\000\050\000l\000a\000t\000e\000n\000c\000i\000a\000,\000\040\000R\000A\000M\000,\000\040\000r\000e\000p\000r\000o\000d\000u\000c\000i\000b\000i\000l\000i\000d\000a\000d\000\051}{}% 33
\BOOKMARK [1][-]{section.4.3}{\376\377\000A\000r\000q\000u\000i\000t\000e\000c\000t\000u\000r\000a\000:\000\040\000m\000\363\000d\000u\000l\000o\000s\000,\000\040\000f\000l\000u\000j\000o\000s\000\040\000y\000\040\000c\000o\000n\000t\000r\000a\000t\000o\000s\000\040\000\050\000d\000i\000s\000e\000\361\000o\000\040\000d\000e\000\040\000a\000l\000t\000o\000\040\000n\000i\000v\000e\000l\000\051}{}% 34
\BOOKMARK [1][-]{section.4.4}{\376\377\000M\000o\000d\000e\000l\000o\000\040\000d\000e\000\040\000d\000a\000t\000o\000s\000\040\000y\000\040\000t\000r\000a\000z\000a\000b\000i\000l\000i\000d\000a\000d\000\040\000t\000e\000m\000p\000o\000r\000a\000l\000\040\000\050\000t\000i\000m\000e\000s\000t\000a\000m\000p\000s\000\040\000y\000\040\000v\000e\000n\000t\000a\000n\000a\000s\000\051}{}% 35
\BOOKMARK [1][-]{section.4.5}{\376\377\000E\000s\000t\000r\000a\000t\000e\000g\000i\000a\000s\000\040\000d\000e\000\040\000p\000e\000r\000f\000o\000r\000m\000a\000n\000c\000e\000\040\000\050\000c\000h\000u\000n\000k\000i\000n\000g\000/\000s\000l\000i\000c\000i\000n\000g\000/\000o\000v\000e\000r\000l\000a\000p\000/\000d\000e\000c\000i\000m\000a\000d\000o\000\051}{}% 36
\BOOKMARK [1][-]{section.4.6}{\376\377\000C\000r\000i\000t\000e\000r\000i\000o\000s\000\040\000f\000o\000r\000m\000a\000l\000e\000s\000:\000\040\000p\000a\000s\000o\000\040\000d\000e\000\040\000D\000M\000\040\000p\000o\000r\000\040\000s\000m\000e\000a\000r\000i\000n\000g\000\040\000\050\000d\000i\000s\000e\000\361\000o\000\040\000d\000e\000\040\000D\000M\000/\000o\000v\000e\000r\000l\000a\000p\000\051}{}% 37
\BOOKMARK [1][-]{section.4.7}{\376\377\000C\000o\000n\000t\000r\000o\000l\000\040\000d\000e\000l\000\040\000t\000r\000i\000a\000l\000s\000\040\000f\000a\000c\000t\000o\000r\000\040\000y\000\040\000t\000a\000s\000a\000s\000\040\000d\000e\000\040\000e\000r\000r\000o\000r\000\040\000\050\000F\000A\000R\000/\000F\000P\000R\000\051}{}% 38
\BOOKMARK [1][-]{section.4.8}{\376\377\000D\000M\040\023\000t\000i\000e\000m\000p\000o\000\040\000y\000\040\000d\000e\000d\000i\000s\000p\000e\000r\000s\000i\000\363\000n\000\040\000\050\000f\000u\000n\000d\000a\000m\000e\000n\000t\000o\000s\000\051}{}% 39
\BOOKMARK [1][-]{section.4.9}{\376\377\000C\000o\000s\000t\000e\000\040\000c\000o\000m\000p\000u\000t\000a\000c\000i\000o\000n\000a\000l}{}% 40
\BOOKMARK [1][-]{section.4.10}{\376\377\000F\000l\000u\000j\000o\000\040\000d\000e\000\040\000i\000n\000f\000e\000r\000e\000n\000c\000i\000a\000\040\000\050\000t\040\023\000D\000M\000\040\000\040\000d\000e\000t\000e\000c\000c\000i\000\363\000n\000\040\000\040\000c\000l\000a\000s\000i\000f\000i\000c\000a\000c\000i\000\363\000n\000\051}{}% 41
\BOOKMARK [1][-]{section.4.11}{\376\377\000P\000s\000e\000u\000d\000o\000c\000\363\000d\000i\000g\000o\000\040\000d\000e\000l\000\040\000f\000l\000u\000j\000o\000\040\000\050\000c\000h\000u\000n\000k\000\040\000\040\000s\000l\000i\000c\000e\000\040\000\040\000d\000e\000t\000e\000c\000c\000i\000\363\000n\000\040\000\040\000c\000l\000a\000s\000i\000f\000i\000c\000a\000c\000i\000\363\000n\000\051}{}% 42
\BOOKMARK [1][-]{section.4.12}{\376\377\000T\000e\000m\000p\000o\000r\000a\000l\000i\000d\000a\000d\000\040\000p\000r\000e\000c\000i\000s\000a}{}% 43
\BOOKMARK [1][-]{section*.10}{\376\377\000C\000A\000P\000\315\000T\000U\000L\000O\000\040\0005\000:\000\040\000I\000M\000P\000L\000E\000M\000E\000N\000T\000A\000C\000I\000\323\000N}{}% 44
\BOOKMARK [1][-]{section.5.1}{\376\377\000L\000e\000c\000t\000u\000r\000a\000\040\000d\000e\000\040\000P\000S\000R\000F\000I\000T\000S\000/\000F\000I\000L\000\040\000y\000\040\000m\000e\000t\000a\000d\000a\000t\000o\000s\000\040\000\050\000i\000m\000p\000l\000e\000m\000e\000n\000t\000a\000c\000i\000\363\000n\000\040\000c\000o\000n\000c\000r\000e\000t\000a\000\051}{}% 45
\BOOKMARK [1][-]{section.5.2}{\376\377\000P\000r\000e\000p\000r\000o\000c\000e\000s\000a\000d\000o}{}% 46
\BOOKMARK [1][-]{section.5.3}{\376\377\000G\000e\000n\000e\000r\000a\000c\000i\000\363\000n\000\040\000d\000e\000\040\000i\000m\000\341\000g\000e\000n\000e\000s}{}% 47
\BOOKMARK [1][-]{section.5.4}{\376\377\000I\000n\000t\000e\000g\000r\000a\000c\000i\000\363\000n\000\040\000d\000e\000\040\000m\000o\000d\000e\000l\000o\000s}{}% 48
\BOOKMARK [1][-]{section.5.5}{\376\377\000D\000i\000a\000g\000r\000a\000m\000a\000\040\000d\000e\000\040\000b\000l\000o\000q\000u\000e\000s\000\040\000d\000e\000l\000\040\000p\000i\000p\000e\000l\000i\000n\000e}{}% 49
\BOOKMARK [1][-]{section.5.6}{\376\377\000P\000s\000e\000u\000d\000o\000c\000\363\000d\000i\000g\000o\000\040\000d\000e\000\040\000l\000a\000\040\000r\000a\000m\000a\000\040\000m\000m\000-\000w\000a\000v\000e\000\040\000\050\000s\000i\000n\000\040\000d\000e\000t\000e\000c\000t\000o\000r\000\040\000d\000e\000\040\000o\000b\000j\000e\000t\000o\000s\000\051}{}% 50
\BOOKMARK [1][-]{section.5.7}{\376\377\000A\000c\000e\000l\000e\000r\000a\000c\000i\000\363\000n\000\040\000y\000\040\000c\000o\000n\000f\000i\000g\000u\000r\000a\000c\000i\000o\000n\000e\000s}{}% 51
\BOOKMARK [1][-]{section.5.8}{\376\377\000P\000o\000l\000a\000r\000i\000z\000a\000c\000i\000\363\000n}{}% 52
\BOOKMARK [1][-]{section.5.9}{\376\377\000U\000m\000b\000r\000a\000l\000e\000s\000\040\000r\000o\000b\000u\000s\000t\000o\000s}{}% 53
\BOOKMARK [1][-]{section.5.10}{\376\377\000C\000a\000m\000b\000i\000o\000\040\000d\000e\000\040\000e\000s\000t\000r\000a\000t\000e\000g\000i\000a\000\040\000d\000e\000\040\000d\000e\000t\000e\000c\000c\000i\000\363\000n\000\040\000s\000e\000g\000\372\000n\000\040\000b\000a\000n\000d\000a}{}% 54
\BOOKMARK [1][-]{section*.11}{\376\377\000C\000A\000P\000\315\000T\000U\000L\000O\000\040\0006\000:\000\040\000M\000E\000T\000O\000D\000O\000L\000O\000G\000\315\000A\000\040\000E\000X\000P\000E\000R\000I\000M\000E\000N\000T\000A\000L\000\040\000Y\000\040\000D\000A\000T\000A\000S\000E\000T\000S}{}% 55
\BOOKMARK [1][-]{section.6.1}{\376\377\000D\000a\000t\000a\000s\000e\000t\000s}{}% 56
\BOOKMARK [1][-]{section.6.2}{\376\377\000P\000r\000o\000t\000o\000c\000o\000l\000o\000\040\000d\000e\000\040\000e\000x\000p\000e\000r\000i\000m\000e\000n\000t\000o\000s}{}% 57
\BOOKMARK [1][-]{section.6.3}{\376\377\000M\000\351\000t\000r\000i\000c\000a\000s}{}% 58
\BOOKMARK [1][-]{section.6.4}{\376\377\000H\000a\000r\000d\000w\000a\000r\000e\000\040\000y\000\040\000s\000o\000f\000t\000w\000a\000r\000e}{}% 59
\BOOKMARK [1][-]{section.6.5}{\376\377\000I\000n\000y\000e\000c\000c\000i\000o\000n\000e\000s\000\040\000s\000i\000n\000t\000\351\000t\000i\000c\000a\000s}{}% 60
\BOOKMARK [1][-]{section.6.6}{\376\377\000F\000A\000I\000R\000\040\000y\000\040\000m\000a\000n\000i\000f\000e\000s\000t\000s}{}% 61
\BOOKMARK [1][-]{section.6.7}{\376\377\000A\000n\000\341\000l\000i\000s\000i\000s\000\040\000d\000e\000l\000\040\000t\000r\000i\000a\000l\000s\000\040\000f\000a\000c\000t\000o\000r}{}% 62
\BOOKMARK [1][-]{section*.12}{\376\377\000C\000A\000P\000\315\000T\000U\000L\000O\000\040\0007\000:\000\040\000R\000E\000S\000U\000L\000T\000A\000D\000O\000S\000\040\000E\000N\000\040\000B\000A\000N\000D\000A\000\040\000L\000\040\000\050\000V\000A\000L\000I\000D\000A\000C\000I\000\323\000N\000\051}{}% 63
\BOOKMARK [1][-]{section.7.1}{\376\377\000D\000e\000t\000e\000c\000c\000i\000\363\000n\000\040\000y\000\040\000c\000l\000a\000s\000i\000f\000i\000c\000a\000c\000i\000\363\000n\000\040\000e\000n\000\040\000t\000e\000s\000t\000\040\000p\000u\000l\000s\000a\000r}{}% 64
\BOOKMARK [1][-]{section.7.2}{\376\377\000F\000R\000B\0001\0002\0001\0001\0000\0002}{}% 65
\BOOKMARK [1][-]{section.7.3}{\376\377\000C\000a\000n\000d\000i\000d\000a\000t\000o\000s\000\040\000n\000u\000e\000v\000o\000s}{}% 66
\BOOKMARK [1][-]{section.7.4}{\376\377\000A\000b\000l\000a\000t\000i\000o\000n\000s}{}% 67
\BOOKMARK [1][-]{section.7.5}{\376\377\000C\000o\000m\000p\000a\000r\000a\000c\000i\000\363\000n\000\040\000c\000o\000n\000t\000r\000a\000\040\000b\000a\000s\000e\000l\000i\000n\000e}{}% 68
\BOOKMARK [1][-]{section.7.6}{\376\377\000C\000r\000o\000s\000s\000-\000m\000a\000t\000c\000h\000\040\000c\000o\000n\000\040\000l\000i\000t\000e\000r\000a\000t\000u\000r\000a}{}% 69
\BOOKMARK [1][-]{section*.13}{\376\377\000C\000A\000P\000\315\000T\000U\000L\000O\000\040\0008\000:\000\040\000E\000X\000T\000E\000N\000S\000I\000\323\000N\000\040\000A\000\040\000F\000R\000E\000C\000U\000E\000N\000C\000I\000A\000S\000\040\000M\000I\000L\000I\000M\000\311\000T\000R\000I\000C\000A\000S\000\040\000\050\000A\000L\000M\000A\000\051}{}% 70
\BOOKMARK [1][-]{section.8.1}{\376\377\000D\000e\000s\000a\000f\000\355\000o\000\040\000f\000\355\000s\000i\000c\000o}{}% 71
\BOOKMARK [1][-]{section.8.2}{\376\377\000E\000s\000t\000r\000a\000t\000e\000g\000i\000a\000\040\000A\000:\000\040\000D\000M\000\040\000e\000x\000p\000a\000n\000d\000i\000d\000o}{}% 72
\BOOKMARK [1][-]{section.8.3}{\376\377\000E\000s\000t\000r\000a\000t\000e\000g\000i\000a\000\040\000B\000:\000\040\000C\000l\000a\000s\000i\000f\000i\000c\000a\000c\000i\000\363\000n\000\040\000a\000\040\000D\000M\000\040\000c\000e\000r\000c\000a\000n\000a\000\040\000a\000\040\000c\000e\000r\000o}{}% 73
\BOOKMARK [1][-]{section.8.4}{\376\377\000E\000x\000p\000e\000r\000i\000m\000e\000n\000t\000o\000s\000\040\000y\000\040\000c\000a\000s\000o\000s\000\040\000l\000\355\000m\000i\000t\000e}{}% 74
\BOOKMARK [1][-]{section.8.5}{\376\377\000D\000i\000s\000c\000u\000s\000i\000\363\000n}{}% 75
\BOOKMARK [1][-]{section.8.6}{\376\377\000R\000a\000m\000a\000\040\000a\000l\000t\000e\000r\000n\000a\000t\000i\000v\000a\000\040\000b\000a\000s\000a\000d\000a\000\040\000e\000n\000\040\000S\000N\000R}{}% 76
\BOOKMARK [1][-]{section.8.7}{\376\377\000V\000i\000a\000b\000i\000l\000i\000d\000a\000d\000\040\000e\000n\000\040\000A\000L\000M\000A\000\040\000p\000h\000a\000s\000e\000d}{}% 77
\BOOKMARK [1][-]{section*.14}{\376\377\000C\000A\000P\000\315\000T\000U\000L\000O\000\040\0009\000:\000\040\000D\000I\000S\000C\000U\000S\000I\000\323\000N\000\040\000Y\000\040\000A\000M\000E\000N\000A\000Z\000A\000S\000\040\000A\000\040\000L\000A\000\040\000V\000A\000L\000I\000D\000E\000Z}{}% 78
\BOOKMARK [1][-]{section.9.1}{\376\377\000I\000n\000t\000e\000r\000p\000r\000e\000t\000a\000c\000i\000\363\000n\000\040\000d\000e\000\040\000r\000e\000s\000u\000l\000t\000a\000d\000o\000s}{}% 79
\BOOKMARK [1][-]{section.9.2}{\376\377\000A\000m\000e\000n\000a\000z\000a\000s\000\040\000i\000n\000t\000e\000r\000n\000a\000s\000\040\000y\000\040\000e\000x\000t\000e\000r\000n\000a\000s}{}% 80
\BOOKMARK [1][-]{section.9.3}{\376\377\000G\000e\000n\000e\000r\000a\000l\000i\000z\000a\000c\000i\000\363\000n}{}% 81
\BOOKMARK [1][-]{section.9.4}{\376\377\000S\000e\000s\000g\000o\000s\000\040\000y\000\040\000p\000o\000l\000\355\000t\000i\000c\000a\000s}{}% 82
\BOOKMARK [1][-]{section*.15}{\376\377\000C\000A\000P\000\315\000T\000U\000L\000O\000\040\0001\0000\000:\000\040\000C\000O\000N\000C\000L\000U\000S\000I\000O\000N\000E\000S\000\040\000Y\000\040\000T\000R\000A\000B\000A\000J\000O\000\040\000F\000U\000T\000U\000R\000O}{}% 83
\BOOKMARK [2][-]{subsection.10.0.1}{\376\377\000R\000e\000s\000u\000m\000e\000n\000\040\000d\000e\000\040\000a\000p\000o\000r\000t\000e\000s\000\040\000y\000\040\000r\000e\000s\000p\000u\000e\000s\000t\000a\000s\000\040\000a\000\040\000l\000a\000s\000\040\000p\000r\000e\000g\000u\000n\000t\000a\000s}{section*.15}% 84
\BOOKMARK [2][-]{subsection.10.0.2}{\376\377\000L\000e\000c\000c\000i\000o\000n\000e\000s\000\040\000a\000p\000r\000e\000n\000d\000i\000d\000a\000s\000\040\000d\000e\000\040\000l\000l\000e\000v\000a\000r\000\040\000D\000R\000A\000F\000T\000S\000\040\000a\000\040\000p\000r\000o\000d\000u\000c\000c\000i\000\363\000n}{section*.15}% 85
\BOOKMARK [2][-]{subsection.10.0.3}{\376\377\000P\000r\000\363\000x\000i\000m\000o\000s\000\040\000p\000a\000s\000o\000s}{section*.15}% 86
\BOOKMARK [2][-]{subsection.10.0.4}{\376\377\000L\000\355\000n\000e\000a\000s\000\040\000d\000e\000\040\000t\000r\000a\000b\000a\000j\000o\000\040\000f\000u\000t\000u\000r\000o}{section*.15}% 87
\BOOKMARK [1][-]{section*.16}{\376\377\000A\000N\000E\000X\000O\000S}{}% 88
\BOOKMARK [1][-]{section*.17}{\376\377\000R\000E\000F\000E\000R\000E\000N\000C\000I\000A\000S\000\040\000B\000I\000B\000L\000I\000O\000G\000R\000\301\000F\000I\000C\000A\000S}{}% 89
